# JRE version: OpenJDK Runtime Environment (11.0.10) (build 11.0.10+0-b96-7249189)
# Java VM: OpenJDK 64-Bit Server VM (11.0.10+0-b96-7249189, mixed mode, tiered, compressed oops, g1 gc, windows-amd64)
Heap:
 garbage-first heap   total 262144K, used 168861K [0x0000000080000000, 0x0000000100000000)
  region size 1024K, 30 young (30720K), 11 survivors (11264K)
 Metaspace       used 125877K, capacity 129446K, committed 129996K, reserved 1163264K
  class space    used 15952K, capacity 17235K, committed 17432K, reserved 1048576K
GC Heap History (20 events):
Event: 8.021 GC heap before
{Heap before GC invocations=13 (full 0):
 garbage-first heap   total 262144K, used 174453K [0x0000000080000000, 0x0000000100000000)
  region size 1024K, 98 young (100352K), 6 survivors (6144K)
 Metaspace       used 82173K, capacity 84228K, committed 84260K, reserved 1122304K
  class space    used 10497K, capacity 11259K, committed 11264K, reserved 1048576K
}
Event: 8.029 GC heap after
{Heap after GC invocations=14 (full 0):
 garbage-first heap   total 262144K, used 85359K [0x0000000080000000, 0x0000000100000000)
  region size 1024K, 11 young (11264K), 11 survivors (11264K)
 Metaspace       used 82173K, capacity 84228K, committed 84260K, reserved 1122304K
  class space    used 10497K, capacity 11259K, committed 11264K, reserved 1048576K
}
Event: 12.118 GC heap before
{Heap before GC invocations=14 (full 0):
 garbage-first heap   total 262144K, used 181615K [0x0000000080000000, 0x0000000100000000)
  region size 1024K, 106 young (108544K), 11 survivors (11264K)
 Metaspace       used 92723K, capacity 94952K, committed 95012K, reserved 1132544K
  class space    used 11738K, capacity 12523K, committed 12544K, reserved 1048576K
}
Event: 12.131 GC heap after
{Heap after GC invocations=15 (full 0):
 garbage-first heap   total 262144K, used 93669K [0x0000000080000000, 0x0000000100000000)
  region size 1024K, 14 young (14336K), 14 survivors (14336K)
 Metaspace       used 92723K, capacity 94952K, committed 95012K, reserved 1132544K
  class space    used 11738K, capacity 12523K, committed 12544K, reserved 1048576K
}
Event: 14.025 GC heap before
{Heap before GC invocations=15 (full 0):
 garbage-first heap   total 262144K, used 188901K [0x0000000080000000, 0x0000000100000000)
  region size 1024K, 108 young (110592K), 14 survivors (14336K)
 Metaspace       used 94739K, capacity 97193K, committed 97444K, reserved 1134592K
  class space    used 12020K, capacity 12917K, committed 12928K, reserved 1048576K
}
Event: 14.038 GC heap after
{Heap after GC invocations=16 (full 0):
 garbage-first heap   total 262144K, used 99581K [0x0000000080000000, 0x0000000100000000)
  region size 1024K, 7 young (7168K), 7 survivors (7168K)
 Metaspace       used 94739K, capacity 97193K, committed 97444K, reserved 1134592K
  class space    used 12020K, capacity 12917K, committed 12928K, reserved 1048576K
}
Event: 15.096 GC heap before
{Heap before GC invocations=16 (full 0):
 garbage-first heap   total 262144K, used 161021K [0x0000000080000000, 0x0000000100000000)
  region size 1024K, 69 young (70656K), 7 survivors (7168K)
 Metaspace       used 97581K, capacity 100138K, committed 100328K, reserved 1136640K
  class space    used 12360K, capacity 13296K, committed 13312K, reserved 1048576K
}
Event: 15.101 GC heap after
{Heap after GC invocations=17 (full 0):
 garbage-first heap   total 262144K, used 101235K [0x0000000080000000, 0x0000000100000000)
  region size 1024K, 8 young (8192K), 8 survivors (8192K)
 Metaspace       used 97581K, capacity 100138K, committed 100328K, reserved 1136640K
  class space    used 12360K, capacity 13296K, committed 13312K, reserved 1048576K
}
Event: 477.343 GC heap before
{Heap before GC invocations=18 (full 0):
 garbage-first heap   total 262144K, used 199539K [0x0000000080000000, 0x0000000100000000)
  region size 1024K, 105 young (107520K), 8 survivors (8192K)
 Metaspace       used 105070K, capacity 107970K, committed 108108K, reserved 1142784K
  class space    used 13174K, capacity 14207K, committed 14232K, reserved 1048576K
}
Event: 477.353 GC heap after
{Heap after GC invocations=19 (full 0):
 garbage-first heap   total 262144K, used 105922K [0x0000000080000000, 0x0000000100000000)
  region size 1024K, 9 young (9216K), 9 survivors (9216K)
 Metaspace       used 105070K, capacity 107970K, committed 108108K, reserved 1142784K
  class space    used 13174K, capacity 14207K, committed 14232K, reserved 1048576K
}
Event: 478.279 GC heap before
{Heap before GC invocations=20 (full 0):
 garbage-first heap   total 262144K, used 209346K [0x0000000080000000, 0x0000000100000000)
  region size 1024K, 105 young (107520K), 9 survivors (9216K)
 Metaspace       used 113229K, capacity 116303K, committed 116556K, reserved 1150976K
  class space    used 14169K, capacity 15233K, committed 15256K, reserved 1048576K
}
Event: 478.288 GC heap after
{Heap after GC invocations=21 (full 0):
 garbage-first heap   total 262144K, used 117733K [0x0000000080000000, 0x0000000100000000)
  region size 1024K, 13 young (13312K), 13 survivors (13312K)
 Metaspace       used 113229K, capacity 116303K, committed 116556K, reserved 1150976K
  class space    used 14169K, capacity 15233K, committed 15256K, reserved 1048576K
}
Event: 479.255 GC heap before
{Heap before GC invocations=21 (full 0):
 garbage-first heap   total 262144K, used 208869K [0x0000000080000000, 0x0000000100000000)
  region size 1024K, 102 young (104448K), 13 survivors (13312K)
 Metaspace       used 121052K, capacity 124492K, committed 124620K, reserved 1157120K
  class space    used 15396K, capacity 16623K, committed 16664K, reserved 1048576K
}
Event: 479.267 GC heap after
{Heap after GC invocations=22 (full 0):
 garbage-first heap   total 262144K, used 125819K [0x0000000080000000, 0x0000000100000000)
  region size 1024K, 9 young (9216K), 9 survivors (9216K)
 Metaspace       used 121052K, capacity 124492K, committed 124620K, reserved 1157120K
  class space    used 15396K, capacity 16623K, committed 16664K, reserved 1048576K
}
Event: 481.181 GC heap before
{Heap before GC invocations=22 (full 0):
 garbage-first heap   total 262144K, used 209787K [0x0000000080000000, 0x0000000100000000)
  region size 1024K, 92 young (94208K), 9 survivors (9216K)
 Metaspace       used 125375K, capacity 128997K, committed 129228K, reserved 1161216K
  class space    used 15995K, capacity 17297K, committed 17432K, reserved 1048576K
}
Event: 481.197 GC heap after
{Heap after GC invocations=23 (full 0):
 garbage-first heap   total 262144K, used 133476K [0x0000000080000000, 0x0000000100000000)
  region size 1024K, 8 young (8192K), 8 survivors (8192K)
 Metaspace       used 125375K, capacity 128997K, committed 129228K, reserved 1161216K
  class space    used 15995K, capacity 17297K, committed 17432K, reserved 1048576K
}
Event: 482.804 GC heap before
{Heap before GC invocations=23 (full 0):
 garbage-first heap   total 262144K, used 212324K [0x0000000080000000, 0x0000000100000000)
  region size 1024K, 86 young (88064K), 8 survivors (8192K)
 Metaspace       used 125937K, capacity 129626K, committed 129740K, reserved 1161216K
  class space    used 16025K, capacity 17365K, committed 17432K, reserved 1048576K
}
Event: 482.817 GC heap after
{Heap after GC invocations=24 (full 0):
 garbage-first heap   total 262144K, used 137448K [0x0000000080000000, 0x0000000100000000)
  region size 1024K, 5 young (5120K), 5 survivors (5120K)
 Metaspace       used 125937K, capacity 129626K, committed 129740K, reserved 1161216K
  class space    used 16025K, capacity 17365K, committed 17432K, reserved 1048576K
}
Event: 483.393 GC heap before
{Heap before GC invocations=25 (full 0):
 garbage-first heap   total 262144K, used 184552K [0x0000000080000000, 0x0000000100000000)
  region size 1024K, 53 young (54272K), 5 survivors (5120K)
 Metaspace       used 125868K, capacity 129446K, committed 129996K, reserved 1163264K
  class space    used 15952K, capacity 17235K, committed 17432K, reserved 1048576K
}
Event: 483.403 GC heap after
{Heap after GC invocations=26 (full 0):
 garbage-first heap   total 262144K, used 147357K [0x0000000080000000, 0x0000000100000000)
  region size 1024K, 11 young (11264K), 11 survivors (11264K)
 Metaspace       used 125868K, capacity 129446K, committed 129996K, reserved 1163264K
  class space    used 15952K, capacity 17235K, committed 17432K, reserved 1048576K
}

